0 info it worked if it ends with ok
1 verbose cli [ 'node', '/usr/local/bin/npm', 'install', '-g', 'meteorite' ]
2 info using npm@2.11.3
3 info using node@v0.12.7
4 verbose install initial load of /usr/local/lib/package.json
5 verbose readDependencies loading dependencies from /usr/local/lib/package.json
6 silly cache add args [ 'meteorite', null ]
7 verbose cache add spec meteorite
8 silly cache add parsed spec { raw: 'meteorite',
8 silly cache add   scope: null,
8 silly cache add   name: 'meteorite',
8 silly cache add   rawSpec: '',
8 silly cache add   spec: '*',
8 silly cache add   type: 'range' }
9 silly addNamed meteorite@*
10 verbose addNamed "*" is a valid semver range for meteorite
11 silly addNameRange { name: 'meteorite', range: '*', hasData: false }
12 silly mapToRegistry name meteorite
13 silly mapToRegistry using default registry
14 silly mapToRegistry registry https://registry.npmjs.org/
15 silly mapToRegistry uri https://registry.npmjs.org/meteorite
16 verbose addNameRange registry:https://registry.npmjs.org/meteorite not in flight; fetching
17 verbose request uri https://registry.npmjs.org/meteorite
18 verbose request no auth needed
19 info attempt registry request try #1 at 7:17:10 PM
20 verbose request id b9243cd4bebff4bf
21 http request GET https://registry.npmjs.org/meteorite
22 http 200 https://registry.npmjs.org/meteorite
23 silly get cb [ 200,
23 silly get   { server: 'CouchDB/1.5.0 (Erlang OTP/R16B03)',
23 silly get     etag: '"D5T967RGDDA3DTVTBQ78I6P3U"',
23 silly get     'content-type': 'application/json',
23 silly get     'cache-control': 'max-age=60',
23 silly get     'content-length': '92244',
23 silly get     'accept-ranges': 'bytes',
23 silly get     date: 'Wed, 05 Aug 2015 23:17:03 GMT',
23 silly get     via: '1.1 varnish',
23 silly get     age: '0',
23 silly get     connection: 'keep-alive',
23 silly get     'x-served-by': 'cache-iad2135-IAD',
23 silly get     'x-cache': 'HIT',
23 silly get     'x-cache-hits': '1',
23 silly get     'x-timer': 'S1438816623.523556,VS0,VE68',
23 silly get     vary: 'Accept' } ]
24 verbose get saving meteorite to /Users/csrinivasan/.npm/registry.npmjs.org/meteorite/.cache.json
25 silly addNameRange number 2 { name: 'meteorite', range: '*', hasData: true }
26 silly addNameRange versions [ 'meteorite',
26 silly addNameRange   [ '0.0.1',
26 silly addNameRange     '0.0.2',
26 silly addNameRange     '0.0.3',
26 silly addNameRange     '0.0.4',
26 silly addNameRange     '0.0.5',
26 silly addNameRange     '0.0.6',
26 silly addNameRange     '0.0.7',
26 silly addNameRange     '0.0.8',
26 silly addNameRange     '0.0.9',
26 silly addNameRange     '0.0.10',
26 silly addNameRange     '0.0.11',
26 silly addNameRange     '0.0.12',
26 silly addNameRange     '0.0.13',
26 silly addNameRange     '0.0.14',
26 silly addNameRange     '0.0.15',
26 silly addNameRange     '0.0.16',
26 silly addNameRange     '0.0.17',
26 silly addNameRange     '0.0.18',
26 silly addNameRange     '0.0.19',
26 silly addNameRange     '0.1.0',
26 silly addNameRange     '0.1.1',
26 silly addNameRange     '0.2.0',
26 silly addNameRange     '0.2.1',
26 silly addNameRange     '0.2.2',
26 silly addNameRange     '0.3.0',
26 silly addNameRange     '0.3.1',
26 silly addNameRange     '0.3.3',
26 silly addNameRange     '0.4.0',
26 silly addNameRange     '0.4.1',
26 silly addNameRange     '0.4.2',
26 silly addNameRange     '0.4.3',
26 silly addNameRange     '0.4.4',
26 silly addNameRange     '0.4.5',
26 silly addNameRange     '0.4.6',
26 silly addNameRange     '0.4.7',
26 silly addNameRange     '0.4.8',
26 silly addNameRange     '0.4.9',
26 silly addNameRange     '0.5.0',
26 silly addNameRange     '0.5.1',
26 silly addNameRange     '0.6.0',
26 silly addNameRange     '0.6.1',
26 silly addNameRange     '0.6.2',
26 silly addNameRange     '0.6.3',
26 silly addNameRange     '0.6.4',
26 silly addNameRange     '0.6.5',
26 silly addNameRange     '0.6.6',
26 silly addNameRange     '0.6.7',
26 silly addNameRange     '0.6.8',
26 silly addNameRange     '0.6.9',
26 silly addNameRange     '0.6.10',
26 silly addNameRange     '0.6.11',
26 silly addNameRange     '0.6.12',
26 silly addNameRange     '0.6.13',
26 silly addNameRange     '0.6.14',
26 silly addNameRange     '0.6.15',
26 silly addNameRange     '0.6.16',
26 silly addNameRange     '0.7.0',
26 silly addNameRange     '0.7.1',
26 silly addNameRange     '0.7.2',
26 silly addNameRange     '0.7.3',
26 silly addNameRange     '0.7.4',
26 silly addNameRange     '0.7.5',
26 silly addNameRange     '0.7.6',
26 silly addNameRange     '0.7.7',
26 silly addNameRange     '0.7.8',
26 silly addNameRange     '0.9.0',
26 silly addNameRange     '0.9.1',
26 silly addNameRange     '0.9.2',
26 silly addNameRange     '0.9.3' ] ]
27 silly addNamed meteorite@0.9.3
28 verbose addNamed "0.9.3" is a plain semver version for meteorite
29 silly mapToRegistry name meteorite
30 silly mapToRegistry using default registry
31 silly mapToRegistry registry https://registry.npmjs.org/
32 silly mapToRegistry uri https://registry.npmjs.org/meteorite
33 verbose addRemoteTarball https://registry.npmjs.org/meteorite/-/meteorite-0.9.3.tgz not in flight; adding
34 verbose addRemoteTarball [ 'https://registry.npmjs.org/meteorite/-/meteorite-0.9.3.tgz',
34 verbose addRemoteTarball   '26dfe87ce9fca73d41057b908987c6e14942a346' ]
35 info retry fetch attempt 1 at 7:17:10 PM
36 info attempt registry request try #1 at 7:17:10 PM
37 http fetch GET https://registry.npmjs.org/meteorite/-/meteorite-0.9.3.tgz
38 http fetch 200 https://registry.npmjs.org/meteorite/-/meteorite-0.9.3.tgz
39 silly fetchAndShaCheck shasum 26dfe87ce9fca73d41057b908987c6e14942a346
40 verbose addTmpTarball /var/folders/b0/qpygvc2x5tg_qh4z_4fz06sdc2yvsz/T/npm-47975-15b1c21f/registry.npmjs.org/meteorite/-/meteorite-0.9.3.tgz not in flight; adding
41 verbose addTmpTarball already have metadata; skipping unpack for meteorite@0.9.3
42 silly cache afterAdd meteorite@0.9.3
43 verbose afterAdd /Users/csrinivasan/.npm/meteorite/0.9.3/package/package.json not in flight; writing
44 verbose afterAdd /Users/csrinivasan/.npm/meteorite/0.9.3/package/package.json written
45 silly install resolved [ { name: 'meteorite',
45 silly install resolved     version: '0.9.3',
45 silly install resolved     homepage: 'http://oortcloud.github.com/meteorite',
45 silly install resolved     engines: [ 'node >=0.8.0' ],
45 silly install resolved     description: 'Installer & smart package manager for Meteor',
45 silly install resolved     author:
45 silly install resolved      { name: 'Tom Coleman',
45 silly install resolved        email: 'tom@percolatestudio.com',
45 silly install resolved        url: 'http://percolatestudio.com' },
45 silly install resolved     dependencies:
45 silly install resolved      { ddp: '>=0.3.1 <0.5.0',
45 silly install resolved        underscore: '1.3.3',
45 silly install resolved        wrench: '1.3.9',
45 silly install resolved        fstream: '>=0.1.18',
45 silly install resolved        optimist: '>=0.3.4',
45 silly install resolved        prompt: '0.2.11',
45 silly install resolved        colors: '0.6.0-1',
45 silly install resolved        async: '0.2.9',
45 silly install resolved        rolling_timeout_exec: '>=0.0.1' },
45 silly install resolved     devDependencies: { mocha: '>=1.2.2', connect: '>=2.3.6', which: '>=1.0.5' },
45 silly install resolved     scripts:
45 silly install resolved      { test: 'mocha spec/unit spec/acceptance -t 240000 -R spec',
45 silly install resolved        flushcache: 'rm -rf spec/support/cache',
45 silly install resolved        postinstall: 'sh ./completions/postinstall.sh' },
45 silly install resolved     repository:
45 silly install resolved      { type: 'git',
45 silly install resolved        url: 'https://github.com/oortcloud/meteorite.git' },
45 silly install resolved     bin: { mrt: './bin/mrt.js' },
45 silly install resolved     gitHead: '35e8d5ee9df33b749527c413b28a4fee73273eae',
45 silly install resolved     bugs: { url: 'https://github.com/oortcloud/meteorite/issues' },
45 silly install resolved     _id: 'meteorite@0.9.3',
45 silly install resolved     _shasum: '26dfe87ce9fca73d41057b908987c6e14942a346',
45 silly install resolved     _from: 'meteorite@*',
45 silly install resolved     _npmVersion: '2.1.6',
45 silly install resolved     _nodeVersion: '0.10.33',
45 silly install resolved     _npmUser: { name: 'tmeasday', email: 'tom@percolatestudio.com' },
45 silly install resolved     maintainers: [ [Object], [Object] ],
45 silly install resolved     dist:
45 silly install resolved      { shasum: '26dfe87ce9fca73d41057b908987c6e14942a346',
45 silly install resolved        tarball: 'http://registry.npmjs.org/meteorite/-/meteorite-0.9.3.tgz' },
45 silly install resolved     directories: {},
45 silly install resolved     _resolved: 'https://registry.npmjs.org/meteorite/-/meteorite-0.9.3.tgz' } ]
46 info install meteorite@0.9.3 into /usr/local/lib
47 info installOne meteorite@0.9.3
48 verbose installOne of meteorite to /usr/local/lib not in flight; installing
49 verbose lock using /Users/csrinivasan/.npm/_locks/meteorite-8fc49c16f8e081ba.lock for /usr/local/lib/node_modules/meteorite
50 silly install write writing meteorite 0.9.3 to /usr/local/lib/node_modules/meteorite
51 verbose unbuild lib/node_modules/meteorite
52 silly gentlyRm /usr/local/lib/node_modules/meteorite is being purged from base /usr/local
53 verbose gentlyRm don't care about contents; nuking /usr/local/lib/node_modules/meteorite
54 verbose tar unpack /Users/csrinivasan/.npm/meteorite/0.9.3/package.tgz
55 verbose tar unpacking to /usr/local/lib/node_modules/meteorite
56 silly gentlyRm /usr/local/lib/node_modules/meteorite is being purged
57 verbose gentlyRm don't care about contents; nuking /usr/local/lib/node_modules/meteorite
58 silly gunzTarPerm modes [ '755', '644' ]
59 error tar.unpack untar error /Users/csrinivasan/.npm/meteorite/0.9.3/package.tgz
60 verbose unlock done using /Users/csrinivasan/.npm/_locks/meteorite-8fc49c16f8e081ba.lock for /usr/local/lib/node_modules/meteorite
61 verbose fstream_path /usr/local/lib/node_modules/meteorite
62 verbose fstream_type Directory
63 verbose fstream_class DirWriter
64 verbose stack Error: EACCES, mkdir '/usr/local/lib/node_modules/meteorite'
64 verbose stack     at Error (native)
65 verbose fstream_stack /usr/local/lib/node_modules/npm/node_modules/fstream/lib/dir-writer.js:35:25
65 verbose fstream_stack /usr/local/lib/node_modules/npm/node_modules/mkdirp/index.js:47:53
65 verbose fstream_stack FSReqWrap.oncomplete (fs.js:95:15)
66 verbose cwd /Users/csrinivasan/Documents/hackathon/chipotle
67 error Darwin 14.3.0
68 error argv "node" "/usr/local/bin/npm" "install" "-g" "meteorite"
69 error node v0.12.7
70 error npm  v2.11.3
71 error path /usr/local/lib/node_modules/meteorite
72 error code EACCES
73 error errno -13
74 error Error: EACCES, mkdir '/usr/local/lib/node_modules/meteorite'
74 error     at Error (native)
74 error  { [Error: EACCES, mkdir '/usr/local/lib/node_modules/meteorite']
74 error   errno: -13,
74 error   code: 'EACCES',
74 error   path: '/usr/local/lib/node_modules/meteorite',
74 error   fstream_type: 'Directory',
74 error   fstream_path: '/usr/local/lib/node_modules/meteorite',
74 error   fstream_class: 'DirWriter',
74 error   fstream_stack:
74 error    [ '/usr/local/lib/node_modules/npm/node_modules/fstream/lib/dir-writer.js:35:25',
74 error      '/usr/local/lib/node_modules/npm/node_modules/mkdirp/index.js:47:53',
74 error      'FSReqWrap.oncomplete (fs.js:95:15)' ] }
75 error Please try running this command again as root/Administrator.
76 verbose exit [ -13, true ]
77 verbose unbuild lib/node_modules/meteorite
78 silly gentlyRm /usr/local/lib/node_modules/meteorite is being purged from base /usr/local
79 verbose gentlyRm don't care about contents; nuking /usr/local/lib/node_modules/meteorite
